<?xml version="1.0" encoding="UTF-8"?>
<testsuite xmlns:xsi="http://www.w3.org/2001/XMLSchema-instance" xsi:noNamespaceSchemaLocation="https://maven.apache.org/surefire/maven-surefire-plugin/xsd/surefire-test-report.xsd" name="com.nurbek.AppTest" time="0.064" tests="2" errors="0" skipped="0" failures="0">
  <properties>
    <property name="java.specification.version" value="18"/>
    <property name="sun.cpu.isalist" value="amd64"/>
    <property name="sun.jnu.encoding" value="Cp1251"/>
    <property name="java.class.path" value="D:\JavaProjects\Quantum-Compiler\target\test-classes;D:\JavaProjects\Quantum-Compiler\target\classes;C:\Users\Nurbek\.m2\repository\junit\junit\4.11\junit-4.11.jar;C:\Users\Nurbek\.m2\repository\org\hamcrest\hamcrest-core\1.3\hamcrest-core-1.3.jar;"/>
    <property name="java.vm.vendor" value="Oracle Corporation"/>
    <property name="sun.arch.data.model" value="64"/>
    <property name="user.variant" value=""/>
    <property name="java.vendor.url" value="https://java.oracle.com/"/>
    <property name="user.timezone" value="Asia/Qyzylorda"/>
    <property name="os.name" value="Windows 11"/>
    <property name="java.vm.specification.version" value="18"/>
    <property name="sun.java.launcher" value="SUN_STANDARD"/>
    <property name="user.country" value="RU"/>
    <property name="sun.boot.library.path" value="C:\Program Files\Java\jdk-18.0.2.1\bin"/>
    <property name="sun.java.command" value="C:\Users\Nurbek\AppData\Local\Temp\surefire16858715431506776505\surefirebooter968465154615604920.jar C:\Users\Nurbek\AppData\Local\Temp\surefire16858715431506776505 2024-08-06T10-25-58_438-jvmRun1 surefire4426842144238634411tmp surefire_014320529531366445457tmp"/>
    <property name="jdk.debug" value="release"/>
    <property name="surefire.test.class.path" value="D:\JavaProjects\Quantum-Compiler\target\test-classes;D:\JavaProjects\Quantum-Compiler\target\classes;C:\Users\Nurbek\.m2\repository\junit\junit\4.11\junit-4.11.jar;C:\Users\Nurbek\.m2\repository\org\hamcrest\hamcrest-core\1.3\hamcrest-core-1.3.jar;"/>
    <property name="sun.cpu.endian" value="little"/>
    <property name="user.home" value="C:\Users\Nurbek"/>
    <property name="user.language" value="ru"/>
    <property name="java.specification.vendor" value="Oracle Corporation"/>
    <property name="java.version.date" value="2022-08-18"/>
    <property name="java.home" value="C:\Program Files\Java\jdk-18.0.2.1"/>
    <property name="file.separator" value="\"/>
    <property name="basedir" value="D:\JavaProjects\Quantum-Compiler"/>
    <property name="java.vm.compressedOopsMode" value="32-bit"/>
    <property name="line.separator" value="&#10;"/>
    <property name="java.vm.specification.vendor" value="Oracle Corporation"/>
    <property name="java.specification.name" value="Java Platform API Specification"/>
    <property name="surefire.real.class.path" value="C:\Users\Nurbek\AppData\Local\Temp\surefire16858715431506776505\surefirebooter968465154615604920.jar"/>
    <property name="user.script" value=""/>
    <property name="sun.management.compiler" value="HotSpot 64-Bit Tiered Compilers"/>
    <property name="java.runtime.version" value="18.0.2.1+1-1"/>
    <property name="user.name" value="Nurbek"/>
    <property name="path.separator" value=";"/>
    <property name="os.version" value="10.0"/>
    <property name="java.runtime.name" value="Java(TM) SE Runtime Environment"/>
    <property name="file.encoding" value="UTF-8"/>
    <property name="java.vm.name" value="Java HotSpot(TM) 64-Bit Server VM"/>
    <property name="localRepository" value="C:\Users\Nurbek\.m2\repository"/>
    <property name="java.vendor.url.bug" value="https://bugreport.java.com/bugreport/"/>
    <property name="java.io.tmpdir" value="C:\Users\Nurbek\AppData\Local\Temp\"/>
    <property name="java.version" value="18.0.2.1"/>
    <property name="user.dir" value="D:\JavaProjects\Quantum-Compiler"/>
    <property name="os.arch" value="amd64"/>
    <property name="java.vm.specification.name" value="Java Virtual Machine Specification"/>
    <property name="sun.os.patch.level" value=""/>
    <property name="native.encoding" value="Cp1251"/>
    <property name="java.library.path" value="C:\Program Files\Java\jdk-18.0.2.1\bin;C:\WINDOWS\Sun\Java\bin;C:\WINDOWS\system32;C:\WINDOWS;C:\Program Files\PowerShell\7;C:\Python312\Scripts\;C:\Python312\;C:\Program Files\WindowsApps\Microsoft.PowerShell_7.3.9.0_x64_8wekyb3d8bbwe\;C:\Users\Nurbek\AppData\Local\Programs\Python\Python311\Scripts\;C:\Users\Nurbek\AppData\Local\Programs\Python\Python311\;C:\Program Files\Java\jdk-21\bin;C:\Program Files\apache-maven-3.8.7\bin;C:\Program Files\Common Files\Oracle\Java\javapath;C:\Windows\System32\HWAudioDriverLibs;C:\Windows\system32;C:\Windows;C:\Windows\System32\Wbem;C:\Windows\System32\WindowsPowerShell\v1.0\;C:\Windows\System32\OpenSSH\;C:\Users\Administrator\AppData\Local\Microsoft\WindowsApps;C:\WINDOWS\system32;C:\WINDOWS;C:\WINDOWS\System32\Wbem;C:\WINDOWS\System32\WindowsPowerShell\v1.0\;C:\WINDOWS\System32\OpenSSH\;C:\ProgramData\chocolatey\bin;D:\Program Files\PostgreSQL\bin;D:\Program Files\CMake\bin;C:\Program Files\NVIDIA GPU Computing Toolkit\CUDA\v12.3;C:\Program Files\NVIDIA GPU Computing Toolkit\CUDA\v12.3\lib\x64;C:\Program Files\NVIDIA GPU Computing Toolkit\CUDA\v12.3\include;C:\Program Files (x86)\NVIDIA Corporation\PhysX\Common;C:\Program Files\Git\cmd;C:\Program Files\nodejs\;C:\Program Files\PostgreSQL\16\bin\;C:\Program Files\PowerShell\7\;C:\Program Files\Docker\Docker\resources\bin;C:\Program Files\Amazon\AWSCLI\bin\;C:\Program Files\Cloudflare\Cloudflare WARP\;C:\Users\Nurbek\AppData\Local\Programs\Python\Python311\Scripts\;C:\Users\Nurbek\AppData\Local\Programs\Python\Python311\;C:\Users\Nurbek\AppData\Local\Programs\Python\Python38\Scripts\;C:\Users\Nurbek\AppData\Local\Programs\Python\Python38\;C:\Users\Nurbek\AppData\Local\Microsoft\WindowsApps;C:\Program Files\JetBrains\PyCharm 2022.2.1\bin;C:\Users\Nurbek\AppData\Local\JetBrains\Toolbox\scripts;C:\Users\Nurbek\AppData\Local\Microsoft\WindowsApps;C:\Program Files\PostgreSQL\15\bin;C:\Program Files\JetBrains\PyCharm 2022.3\bin;;C:\Users\Nurbek\AppData\Local\GitHubDesktop\bin;C:\Users\Nurbek\AppData\Roaming\npm;D:\Nurbek\Microsoft VS Code\bin;."/>
    <property name="java.vm.info" value="mixed mode, sharing"/>
    <property name="java.vendor" value="Oracle Corporation"/>
    <property name="java.vm.version" value="18.0.2.1+1-1"/>
    <property name="sun.io.unicode.encoding" value="UnicodeLittle"/>
    <property name="java.class.version" value="62.0"/>
  </properties>
  <testcase name="printTest" classname="com.nurbek.AppTest" time="0"/>
  <testcase name="shouldAnswerWithTrue" classname="com.nurbek.AppTest" time="0.01"/>
</testsuite>